<?xml version="1.0" encoding="UTF-8"?>
<testsuite name="panda.metricbot.BotTest" tests="1" skipped="0" failures="0" errors="0" timestamp="2021-11-24T02:54:24" hostname="DESKTOP-MQQ2FP9" time="0.58">
  <properties/>
  <testcase name="constructor_invalidToken_throwsInvalidTokenException()" classname="panda.metricbot.BotTest" time="0.58"/>
  <system-out><![CDATA[Failed to login with provided token.
]]></system-out>
  <system-err><![CDATA[SLF4J: Failed to load class "org.slf4j.impl.StaticLoggerBinder".
SLF4J: Defaulting to no-operation (NOP) logger implementation
SLF4J: See http://www.slf4j.org/codes.html#StaticLoggerBinder for further details.
SLF4J: Failed to load class "org.slf4j.impl.StaticMDCBinder".
SLF4J: Defaulting to no-operation MDCAdapter implementation.
SLF4J: See http://www.slf4j.org/codes.html#no_static_mdc_binder for further details.
]]></system-err>
</testsuite>
